<?xml version="1.0" encoding="UTF-8"?>
<!-- Generated by org.testng.reporters.JUnitXMLReporter -->
<testsuite ignored="1" hostname="MacPro-Abdi" failures="2" tests="2" name="Test" time="98.904" errors="0" timestamp="2022-10-08T16:00:34 CEST">
  <testcase classname="homePage.infosProgLive" name="getInfosProgLive" time="13.542">
    <failure type="org.openqa.selenium.NoSuchElementException" message="no such element: Unable to locate element: {&amp;quot;method&amp;quot;:&amp;quot;xpath&amp;quot;,&amp;quot;selector&amp;quot;:&amp;quot;.//h1&amp;quot;}
  (Session info: chrome=105.0.5195.125)
For documentation on this error, please visit: https://selenium.dev/exceptions/#no_such_element
Build info: version: &amp;apos;4.1.4&amp;apos;, revision: &amp;apos;535d840ee2&amp;apos;
System info: host: &amp;apos;MacPro-Abdi&amp;apos;, ip: &amp;apos;fe80:0:0:0:f5:ac51:d773:64df%en0&amp;apos;, os.name: &amp;apos;Mac OS X&amp;apos;, os.arch: &amp;apos;x86_64&amp;apos;, os.version: &amp;apos;12.6&amp;apos;, java.version: &amp;apos;18&amp;apos;
Driver info: org.openqa.selenium.chrome.ChromeDriver
Command: [1551427bd8acb07780514aae835ac996, findChildElement {id=1021a239-c5af-4078-981c-27d3cc01a4e6, using=xpath, value=.//h1}]
Capabilities {acceptInsecureCerts: false, browserName: chrome, browserVersion: 105.0.5195.125, chrome: {chromedriverVersion: 105.0.5195.52 (412c95e51883..., userDataDir: /var/folders/mf/h2nb5zfn37z...}, goog:chromeOptions: {debuggerAddress: localhost:53729}, javascriptEnabled: true, networkConnectionEnabled: false, pageLoadStrategy: normal, platform: MAC, platformName: MAC, proxy: Proxy(), se:cdp: ws://localhost:53729/devtoo..., se:cdpVersion: 105.0.5195.125, setWindowRect: true, strictFileInteractability: false, timeouts: {implicit: 0, pageLoad: 300000, script: 30000}, unhandledPromptBehavior: dismiss and notify, webauthn:extension:credBlob: true, webauthn:extension:largeBlob: true, webauthn:virtualAuthenticators: true}
Session ID: 1551427bd8acb07780514aae835ac996">
      <![CDATA[org.openqa.selenium.NoSuchElementException: no such element: Unable to locate element: {"method":"xpath","selector":".//h1"}
  (Session info: chrome=105.0.5195.125)
For documentation on this error, please visit: https://selenium.dev/exceptions/#no_such_element
Build info: version: '4.1.4', revision: '535d840ee2'
System info: host: 'MacPro-Abdi', ip: 'fe80:0:0:0:f5:ac51:d773:64df%en0', os.name: 'Mac OS X', os.arch: 'x86_64', os.version: '12.6', java.version: '18'
Driver info: org.openqa.selenium.chrome.ChromeDriver
Command: [1551427bd8acb07780514aae835ac996, findChildElement {id=1021a239-c5af-4078-981c-27d3cc01a4e6, using=xpath, value=.//h1}]
Capabilities {acceptInsecureCerts: false, browserName: chrome, browserVersion: 105.0.5195.125, chrome: {chromedriverVersion: 105.0.5195.52 (412c95e51883..., userDataDir: /var/folders/mf/h2nb5zfn37z...}, goog:chromeOptions: {debuggerAddress: localhost:53729}, javascriptEnabled: true, networkConnectionEnabled: false, pageLoadStrategy: normal, platform: MAC, platformName: MAC, proxy: Proxy(), se:cdp: ws://localhost:53729/devtoo..., se:cdpVersion: 105.0.5195.125, setWindowRect: true, strictFileInteractability: false, timeouts: {implicit: 0, pageLoad: 300000, script: 30000}, unhandledPromptBehavior: dismiss and notify, webauthn:extension:credBlob: true, webauthn:extension:largeBlob: true, webauthn:virtualAuthenticators: true}
Session ID: 1551427bd8acb07780514aae835ac996
at org.openqa.selenium.remote.codec.w3c.W3CHttpResponseCodec.createException(W3CHttpResponseCodec.java:200)
at org.openqa.selenium.remote.codec.w3c.W3CHttpResponseCodec.decode(W3CHttpResponseCodec.java:133)
at org.openqa.selenium.remote.codec.w3c.W3CHttpResponseCodec.decode(W3CHttpResponseCodec.java:53)
at org.openqa.selenium.remote.HttpCommandExecutor.execute(HttpCommandExecutor.java:184)
at org.openqa.selenium.remote.service.DriverCommandExecutor.invokeExecute(DriverCommandExecutor.java:167)
at org.openqa.selenium.remote.service.DriverCommandExecutor.execute(DriverCommandExecutor.java:142)
at org.openqa.selenium.remote.RemoteWebDriver.execute(RemoteWebDriver.java:567)
at org.openqa.selenium.remote.ElementLocation$ElementFinder$2.findElement(ElementLocation.java:162)
at org.openqa.selenium.remote.ElementLocation.findElement(ElementLocation.java:60)
at org.openqa.selenium.remote.RemoteWebDriver.findElement(RemoteWebDriver.java:385)
at org.openqa.selenium.remote.RemoteWebElement.findElement(RemoteWebElement.java:221)
at pagesProject.HomePage.getTitreLive(HomePage.java:128)
at homePage.infosProgLive.getInfosProgLive(infosProgLive.java:66)
at java.base/java.util.ArrayList.forEach(ArrayList.java:1511)
... Removed 28 stack frames]]>
    </failure>
  </testcase> <!-- getInfosProgLive -->
  <testcase classname="homePage.GetListeProgMiseEnAvant" name="getListeProgmmeMEA" time="6.884">
    <failure type="org.openqa.selenium.ElementClickInterceptedException" message="element click intercepted: Element &amp;lt;li class=&amp;quot;sc-1ge2gi9-1 dOnoct&amp;quot;&amp;gt;...&amp;lt;/li&amp;gt; is not clickable at point (1345, 561). Other element would receive the click: &amp;lt;iframe frameborder=&amp;quot;0&amp;quot; marginwidth=&amp;quot;0&amp;quot; marginheight=&amp;quot;0&amp;quot; scrolling=&amp;quot;no&amp;quot; title=&amp;quot;Usabilla Feedback Form&amp;quot; src=&amp;quot;https://d6tizftlrpuof.cloudfront.net/live/i/600fcad543059d3de1500a27/b0de5f33b31ee24ac85eca6cf8cd16a8208255c6.html?tags=right&amp;quot; style=&amp;quot;width: 554px; height: 334px; margin: 0px; padding: 0px; border: 0px; overflow: hidden; z-index: 9997; max-width: 100%; position: absolute; background-color: transparent; visibility: visible; box-shadow: 0px 0px 0px; display: block; left: 0px;&amp;quot;&amp;gt;&amp;lt;/iframe&amp;gt;
  (Session info: chrome=105.0.5195.125)
Build info: version: &amp;apos;4.1.4&amp;apos;, revision: &amp;apos;535d840ee2&amp;apos;
System info: host: &amp;apos;MacPro-Abdi&amp;apos;, ip: &amp;apos;fe80:0:0:0:f5:ac51:d773:64df%en0&amp;apos;, os.name: &amp;apos;Mac OS X&amp;apos;, os.arch: &amp;apos;x86_64&amp;apos;, os.version: &amp;apos;12.6&amp;apos;, java.version: &amp;apos;18&amp;apos;
Driver info: org.openqa.selenium.chrome.ChromeDriver
Command: [9396104d3d3f1cd4edf297716f6711a2, clickElement {id=a1b269b3-bc40-400c-a45d-6a8ee800ed92}]
Capabilities {acceptInsecureCerts: false, browserName: chrome, browserVersion: 105.0.5195.125, chrome: {chromedriverVersion: 105.0.5195.52 (412c95e51883..., userDataDir: /var/folders/mf/h2nb5zfn37z...}, goog:chromeOptions: {debuggerAddress: localhost:53798}, javascriptEnabled: true, networkConnectionEnabled: false, pageLoadStrategy: normal, platform: MAC, platformName: MAC, proxy: Proxy(), se:cdp: ws://localhost:53798/devtoo..., se:cdpVersion: 105.0.5195.125, setWindowRect: true, strictFileInteractability: false, timeouts: {implicit: 0, pageLoad: 300000, script: 30000}, unhandledPromptBehavior: dismiss and notify, webauthn:extension:credBlob: true, webauthn:extension:largeBlob: true, webauthn:virtualAuthenticators: true}
Element: [[ChromeDriver: chrome on MAC (9396104d3d3f1cd4edf297716f6711a2)] -&amp;gt; xpath: //li[@class=&amp;apos;sc-1ge2gi9-1 dOnoct&amp;apos;]]
Session ID: 9396104d3d3f1cd4edf297716f6711a2">
      <![CDATA[org.openqa.selenium.ElementClickInterceptedException: element click intercepted: Element <li class="sc-1ge2gi9-1 dOnoct">...</li> is not clickable at point (1345, 561). Other element would receive the click: <iframe frameborder="0" marginwidth="0" marginheight="0" scrolling="no" title="Usabilla Feedback Form" src="https://d6tizftlrpuof.cloudfront.net/live/i/600fcad543059d3de1500a27/b0de5f33b31ee24ac85eca6cf8cd16a8208255c6.html?tags=right" style="width: 554px; height: 334px; margin: 0px; padding: 0px; border: 0px; overflow: hidden; z-index: 9997; max-width: 100%; position: absolute; background-color: transparent; visibility: visible; box-shadow: 0px 0px 0px; display: block; left: 0px;"></iframe>
  (Session info: chrome=105.0.5195.125)
Build info: version: '4.1.4', revision: '535d840ee2'
System info: host: 'MacPro-Abdi', ip: 'fe80:0:0:0:f5:ac51:d773:64df%en0', os.name: 'Mac OS X', os.arch: 'x86_64', os.version: '12.6', java.version: '18'
Driver info: org.openqa.selenium.chrome.ChromeDriver
Command: [9396104d3d3f1cd4edf297716f6711a2, clickElement {id=a1b269b3-bc40-400c-a45d-6a8ee800ed92}]
Capabilities {acceptInsecureCerts: false, browserName: chrome, browserVersion: 105.0.5195.125, chrome: {chromedriverVersion: 105.0.5195.52 (412c95e51883..., userDataDir: /var/folders/mf/h2nb5zfn37z...}, goog:chromeOptions: {debuggerAddress: localhost:53798}, javascriptEnabled: true, networkConnectionEnabled: false, pageLoadStrategy: normal, platform: MAC, platformName: MAC, proxy: Proxy(), se:cdp: ws://localhost:53798/devtoo..., se:cdpVersion: 105.0.5195.125, setWindowRect: true, strictFileInteractability: false, timeouts: {implicit: 0, pageLoad: 300000, script: 30000}, unhandledPromptBehavior: dismiss and notify, webauthn:extension:credBlob: true, webauthn:extension:largeBlob: true, webauthn:virtualAuthenticators: true}
Element: [[ChromeDriver: chrome on MAC (9396104d3d3f1cd4edf297716f6711a2)] -> xpath: //li[@class='sc-1ge2gi9-1 dOnoct']]
Session ID: 9396104d3d3f1cd4edf297716f6711a2
at org.openqa.selenium.remote.codec.w3c.W3CHttpResponseCodec.createException(W3CHttpResponseCodec.java:200)
at org.openqa.selenium.remote.codec.w3c.W3CHttpResponseCodec.decode(W3CHttpResponseCodec.java:133)
at org.openqa.selenium.remote.codec.w3c.W3CHttpResponseCodec.decode(W3CHttpResponseCodec.java:53)
at org.openqa.selenium.remote.HttpCommandExecutor.execute(HttpCommandExecutor.java:184)
at org.openqa.selenium.remote.service.DriverCommandExecutor.invokeExecute(DriverCommandExecutor.java:167)
at org.openqa.selenium.remote.service.DriverCommandExecutor.execute(DriverCommandExecutor.java:142)
at org.openqa.selenium.remote.RemoteWebDriver.execute(RemoteWebDriver.java:567)
at org.openqa.selenium.remote.RemoteWebElement.execute(RemoteWebElement.java:251)
at org.openqa.selenium.remote.RemoteWebElement.click(RemoteWebElement.java:77)
at homePage.GetListeProgMiseEnAvant.getListeProgmmeMEA(GetListeProgMiseEnAvant.java:65)
at java.base/java.util.ArrayList.forEach(ArrayList.java:1511)
... Removed 28 stack frames]]>
    </failure>
  </testcase> <!-- getListeProgmmeMEA -->
  <testcase classname="commun.Base" name="@AfterSuite tearnDownDriver" time="0.0">
    <ignored/>
  </testcase> <!-- @AfterSuite tearnDownDriver -->
</testsuite> <!-- Test -->
