<?xml version="1.0" encoding="UTF-8"?>
<testng-results ignored="0" total="1" passed="1" failed="0" skipped="0">
  <reporter-output>
  </reporter-output>
  <suite started-at="2022-10-08T19:50:25 CEST" name="Default suite" finished-at="2022-10-08T19:51:16 CEST" duration-ms="51163">
    <groups>
    </groups>
    <test started-at="2022-10-08T19:50:25 CEST" name="Default test" finished-at="2022-10-08T19:51:16 CEST" duration-ms="51163">
      <class name="homePage.GetListeProgMiseEnAvant">
        <test-method is-config="true" signature="initClass()[pri:0, instance:homePage.GetListeProgMiseEnAvant@3ba9ad43]" started-at="2022-10-08T19:50:25 CEST" name="initClass" finished-at="2022-10-08T19:51:05 CEST" duration-ms="40758" status="PASS">
          <reporter-output>
          </reporter-output>
        </test-method> <!-- initClass -->
        <test-method signature="getListeProgmmeMEA()[pri:0, instance:homePage.GetListeProgMiseEnAvant@3ba9ad43]" started-at="2022-10-08T19:51:05 CEST" name="getListeProgmmeMEA" finished-at="2022-10-08T19:51:15 CEST" duration-ms="9759" status="PASS">
          <reporter-output>
          </reporter-output>
        </test-method> <!-- getListeProgmmeMEA -->
        <test-method is-config="true" signature="tearnDown()[pri:0, instance:homePage.GetListeProgMiseEnAvant@3ba9ad43]" started-at="2022-10-08T19:51:15 CEST" name="tearnDown" finished-at="2022-10-08T19:51:16 CEST" duration-ms="552" status="PASS">
          <reporter-output>
          </reporter-output>
        </test-method> <!-- tearnDown -->
        <test-method is-config="true" signature="tearnDownDriver()[pri:0, instance:homePage.GetListeProgMiseEnAvant@3ba9ad43]" started-at="2022-10-08T19:51:16 CEST" name="tearnDownDriver" finished-at="2022-10-08T19:51:16 CEST" duration-ms="15" status="FAIL">
          <exception class="org.openqa.selenium.NoSuchSessionException">
            <message>
              <![CDATA[invalid session id
Build info: version: '4.1.4', revision: '535d840ee2'
System info: host: 'MacPro-Abdi', ip: 'fe80:0:0:0:f5:ac51:d773:64df%en0', os.name: 'Mac OS X', os.arch: 'x86_64', os.version: '12.6', java.version: '18'
Driver info: org.openqa.selenium.chrome.ChromeDriver
Command: [a29784083d194ce9140b08ca9112c8af, close {}]
Capabilities {acceptInsecureCerts: false, browserName: chrome, browserVersion: 105.0.5195.125, chrome: {chromedriverVersion: 105.0.5195.52 (412c95e51883..., userDataDir: /var/folders/mf/h2nb5zfn37z...}, goog:chromeOptions: {debuggerAddress: localhost:54381}, javascriptEnabled: true, networkConnectionEnabled: false, pageLoadStrategy: normal, platform: MAC, platformName: MAC, proxy: Proxy(), se:cdp: ws://localhost:54381/devtoo..., se:cdpVersion: 105.0.5195.125, setWindowRect: true, strictFileInteractability: false, timeouts: {implicit: 0, pageLoad: 300000, script: 30000}, unhandledPromptBehavior: dismiss and notify, webauthn:extension:credBlob: true, webauthn:extension:largeBlob: true, webauthn:virtualAuthenticators: true}
Session ID: a29784083d194ce9140b08ca9112c8af]]>
            </message>
            <full-stacktrace>
              <![CDATA[org.openqa.selenium.NoSuchSessionException: invalid session id
Build info: version: '4.1.4', revision: '535d840ee2'
System info: host: 'MacPro-Abdi', ip: 'fe80:0:0:0:f5:ac51:d773:64df%en0', os.name: 'Mac OS X', os.arch: 'x86_64', os.version: '12.6', java.version: '18'
Driver info: org.openqa.selenium.chrome.ChromeDriver
Command: [a29784083d194ce9140b08ca9112c8af, close {}]
Capabilities {acceptInsecureCerts: false, browserName: chrome, browserVersion: 105.0.5195.125, chrome: {chromedriverVersion: 105.0.5195.52 (412c95e51883..., userDataDir: /var/folders/mf/h2nb5zfn37z...}, goog:chromeOptions: {debuggerAddress: localhost:54381}, javascriptEnabled: true, networkConnectionEnabled: false, pageLoadStrategy: normal, platform: MAC, platformName: MAC, proxy: Proxy(), se:cdp: ws://localhost:54381/devtoo..., se:cdpVersion: 105.0.5195.125, setWindowRect: true, strictFileInteractability: false, timeouts: {implicit: 0, pageLoad: 300000, script: 30000}, unhandledPromptBehavior: dismiss and notify, webauthn:extension:credBlob: true, webauthn:extension:largeBlob: true, webauthn:virtualAuthenticators: true}
Session ID: a29784083d194ce9140b08ca9112c8af
at java.base/jdk.internal.reflect.DirectConstructorHandleAccessor.newInstance(DirectConstructorHandleAccessor.java:67)
at java.base/java.lang.reflect.Constructor.newInstanceWithCaller(Constructor.java:499)
at java.base/java.lang.reflect.Constructor.newInstance(Constructor.java:483)
at org.openqa.selenium.remote.codec.w3c.W3CHttpResponseCodec.createException(W3CHttpResponseCodec.java:200)
at org.openqa.selenium.remote.codec.w3c.W3CHttpResponseCodec.decode(W3CHttpResponseCodec.java:133)
at org.openqa.selenium.remote.codec.w3c.W3CHttpResponseCodec.decode(W3CHttpResponseCodec.java:53)
at org.openqa.selenium.remote.HttpCommandExecutor.execute(HttpCommandExecutor.java:184)
at org.openqa.selenium.remote.service.DriverCommandExecutor.invokeExecute(DriverCommandExecutor.java:167)
at org.openqa.selenium.remote.service.DriverCommandExecutor.execute(DriverCommandExecutor.java:142)
at org.openqa.selenium.remote.RemoteWebDriver.execute(RemoteWebDriver.java:567)
at org.openqa.selenium.remote.RemoteWebDriver.execute(RemoteWebDriver.java:622)
at org.openqa.selenium.remote.RemoteWebDriver.execute(RemoteWebDriver.java:626)
at org.openqa.selenium.remote.RemoteWebDriver.close(RemoteWebDriver.java:452)
at commun.Base.tearnDownDriver(Base.java:78)
at java.base/jdk.internal.reflect.DirectMethodHandleAccessor.invoke(DirectMethodHandleAccessor.java:104)
at java.base/java.lang.reflect.Method.invoke(Method.java:577)
at org.testng.internal.invokers.MethodInvocationHelper.invokeMethod(MethodInvocationHelper.java:135)
at org.testng.internal.invokers.MethodInvocationHelper.invokeMethodConsideringTimeout(MethodInvocationHelper.java:65)
at org.testng.internal.invokers.ConfigInvoker.invokeConfigurationMethod(ConfigInvoker.java:381)
at org.testng.internal.invokers.ConfigInvoker.invokeConfigurations(ConfigInvoker.java:319)
at org.testng.SuiteRunner.privateRun(SuiteRunner.java:396)
at org.testng.SuiteRunner.run(SuiteRunner.java:326)
at org.testng.SuiteRunnerWorker.runSuite(SuiteRunnerWorker.java:52)
at org.testng.SuiteRunnerWorker.run(SuiteRunnerWorker.java:95)
at org.testng.TestNG.runSuitesSequentially(TestNG.java:1249)
at org.testng.TestNG.runSuitesLocally(TestNG.java:1169)
at org.testng.TestNG.runSuites(TestNG.java:1092)
at org.testng.TestNG.run(TestNG.java:1060)
at org.testng.remote.AbstractRemoteTestNG.run(AbstractRemoteTestNG.java:115)
at org.testng.remote.RemoteTestNG.initAndRun(RemoteTestNG.java:251)
at org.testng.remote.RemoteTestNG.main(RemoteTestNG.java:77)
]]>
            </full-stacktrace>
          </exception> <!-- org.openqa.selenium.NoSuchSessionException -->
          <reporter-output>
          </reporter-output>
        </test-method> <!-- tearnDownDriver -->
      </class> <!-- homePage.GetListeProgMiseEnAvant -->
    </test> <!-- Default test -->
  </suite> <!-- Default suite -->
</testng-results>
